{"name": "test_register_employ_success[data0]", "status": "failed", "statusDetails": {"message": "AssertionError: assert True == False", "trace": "self = <testcases.test_register.Test_register object at 0x000001978A7D8880>\ndata = {'company_name': 'Company11181828', 'employ_address': 'EAddress11181828', 'employ_email': '13111181829@qq.com', 'employ_name': 'employ11181828', ...}\nbrowser = <selenium.webdriver.chrome.webdriver.WebDriver (session=\"2dcfbe0c3de58df4cd55699ca6dad1d4\")>\n\n    @pytest.mark.run(order=2)\n    @pytest.mark.parametrize('data', DealExcel().read('register')[1])\n    def test_register_employ_success(self, data, browser):\n        r = RegisterPage(browser)\n        r.get().employ_register(data)\n        time.sleep(5)\n        acture_val = r.employ_register_info()\n    \n        try:\n            assert data[\"expect_val\"] == acture_val\n            do_log.info(\"普通员工注册测试用例通过\")\n        except AssertionError as e:\n            do_log.error(f\"普通员工注册测试用例不通过:{e}\")\n>           raise e\n\ntestcases\\test_register.py:62: \n_ _ _ _ _ _ _ _ _ _ _ _ _ _ _ _ _ _ _ _ _ _ _ _ _ _ _ _ _ _ _ _ _ _ _ _ _ _ _ _\n\nself = <testcases.test_register.Test_register object at 0x000001978A7D8880>\ndata = {'company_name': 'Company11181828', 'employ_address': 'EAddress11181828', 'employ_email': '13111181829@qq.com', 'employ_name': 'employ11181828', ...}\nbrowser = <selenium.webdriver.chrome.webdriver.WebDriver (session=\"2dcfbe0c3de58df4cd55699ca6dad1d4\")>\n\n    @pytest.mark.run(order=2)\n    @pytest.mark.parametrize('data', DealExcel().read('register')[1])\n    def test_register_employ_success(self, data, browser):\n        r = RegisterPage(browser)\n        r.get().employ_register(data)\n        time.sleep(5)\n        acture_val = r.employ_register_info()\n    \n        try:\n>           assert data[\"expect_val\"] == acture_val\nE           assert True == False\n\ntestcases\\test_register.py:58: AssertionError"}, "attachments": [{"name": "log", "source": "409fe970-8056-467d-831e-d5d1b9f3549b-attachment.txt", "type": "text/plain"}, {"name": "stderr", "source": "0e8fd2fb-7e55-4b8d-87a2-580ba993767c-attachment.txt", "type": "text/plain"}], "parameters": [{"name": "data", "value": "{'employ_name': 'employ11181828', 'company_name': 'Company11181828', 'employ_email': '13111181829@qq.com', 'employ_address': 'EAddress11181828', 'employ_phone': '13111181829', 'verfily_code': '', 'expect_val': True}"}], "start": 1605695369386, "stop": 1605695406030, "uuid": "4df101f5-d3d2-472c-8214-4997649e9103", "historyId": "5f374864e34c35dd39bebb05180554e5", "testCaseId": "9f843362d70103e29a4736b6f77a5ba0", "fullName": "testcases.test_register.Test_register#test_register_employ_success", "labels": [{"name": "tag", "value": "run(order=2)"}, {"name": "parentSuite", "value": "testcases"}, {"name": "suite", "value": "test_register"}, {"name": "subSuite", "value": "Test_register"}, {"name": "host", "value": "DESKTOP-FOQDDUM"}, {"name": "thread", "value": "23752-MainThread"}, {"name": "framework", "value": "pytest"}, {"name": "language", "value": "cpython3"}, {"name": "package", "value": "testcases.test_register"}]}